Using pre-set license

 COMMAND LINE ARGUMENTS:
/Applications/Unity/Hub/Editor/2020.3.11f1/Unity.app/Contents/MacOS/Unity
-adb2
-batchMode
-noUpm
-name
AssetImportWorker0
-projectPath
/Users/erikamarkkinen/Library/Mobile Documents/com~apple~CloudDocs/19INTMEDIA/GA2021/Art Class/GA_Art_Lesson/GA2021_Art_ErikaMarkkinen
-logFile
Logs/AssetImportWorker0.log
-srvPort
54663
Successfully changed project path to: /Users/erikamarkkinen/Library/Mobile Documents/com~apple~CloudDocs/19INTMEDIA/GA2021/Art Class/GA_Art_Lesson/GA2021_Art_ErikaMarkkinen
/Users/erikamarkkinen/Library/Mobile Documents/com~apple~CloudDocs/19INTMEDIA/GA2021/Art Class/GA_Art_Lesson/GA2021_Art_ErikaMarkkinen
Using Asset Import Pipeline V2.
Refreshing native plugins compatible for Editor in 47.36 ms, found 3 plugins.
Preloading 0 native plugins for Editor in 0.00 ms.
Initialize engine version: 2020.3.11f1 (99c7afb366b3)
[Subsystems] Discovering subsystems at path /Applications/Unity/Hub/Editor/2020.3.11f1/Unity.app/Contents/Resources/UnitySubsystems
[Subsystems] Discovering subsystems at path /Users/erikamarkkinen/Library/Mobile Documents/com~apple~CloudDocs/19INTMEDIA/GA2021/Art Class/GA_Art_Lesson/GA2021_Art_ErikaMarkkinen/Assets
GfxDevice: creating device client; threaded=0
2021-10-22 18:34:25.407 Unity[53957:551366] (null) preferred device: Apple M1 (high power)
2021-10-22 18:34:25.407 Unity[53957:551366] Metal devices available: 1
2021-10-22 18:34:25.407 Unity[53957:551366] 0: Apple M1 (high power)
2021-10-22 18:34:25.407 Unity[53957:551366] Using device Apple M1 (high power)
Initializing Metal device caps: Apple M1
Initialize mono
Mono path[0] = '/Applications/Unity/Hub/Editor/2020.3.11f1/Unity.app/Contents/Managed'
Mono path[1] = '/Applications/Unity/Hub/Editor/2020.3.11f1/Unity.app/Contents/MonoBleedingEdge/lib/mono/unityjit'
Mono config path = '/Applications/Unity/Hub/Editor/2020.3.11f1/Unity.app/Contents/MonoBleedingEdge/etc'
Using monoOptions --debugger-agent=transport=dt_socket,embedding=1,server=y,suspend=n,address=127.0.0.1:56957
Begin MonoManager ReloadAssembly
Registering precompiled unity dll's ...
Register platform support module: /Applications/Unity/Hub/Editor/2020.3.11f1/Unity.app/Contents/PlaybackEngines/MacStandaloneSupport/UnityEditor.OSXStandalone.Extensions.dll
Registered in 0.000963 seconds.
Native extension for OSXStandalone target not found
Refreshing native plugins compatible for Editor in 39.77 ms, found 3 plugins.
Preloading 0 native plugins for Editor in 0.00 ms.
Mono: successfully reloaded assembly
- Completed reload, in  2.426 seconds
Platform modules already initialized, skipping
Registering precompiled user dll's ...
Registered in 0.003521 seconds.
Begin MonoManager ReloadAssembly
Native extension for OSXStandalone target not found
Refreshing native plugins compatible for Editor in 38.03 ms, found 3 plugins.
Preloading 0 native plugins for Editor in 0.00 ms.
Mono: successfully reloaded assembly
- Completed reload, in  2.433 seconds
Platform modules already initialized, skipping
========================================================================
Worker process is ready to serve import requests
Launching external process: /Applications/Unity/Hub/Editor/2020.3.11f1/Unity.app/Contents/Tools/UnityShaderCompiler
Launched and connected shader compiler UnityShaderCompiler after 0.04 seconds
Refreshing native plugins compatible for Editor in 0.55 ms, found 3 plugins.
Preloading 0 native plugins for Editor in 0.00 ms.
Unloading 2082 Unused Serialized files (Serialized files now loaded: 0)
System memory in use before: 170.7 MB.
System memory in use after: 170.7 MB.

Unloading 31 unused Assets to reduce memory usage. Loaded Objects now: 2517.
Total: 3.693250 ms (FindLiveObjects: 0.190916 ms CreateObjectMapping: 0.045042 ms MarkObjects: 3.196500 ms  DeleteObjects: 0.254708 ms)

========================================================================
Received Import Request.
  path: Assets/Scenes/SampleScene.unity
  artifactKey: Guid(2cda990e2423bbf4892e6590ba056729) Importer(815301076,1909f56bfc062723c751e8b465ee728b)
Start importing Assets/Scenes/SampleScene.unity using Guid(2cda990e2423bbf4892e6590ba056729) Importer(815301076,1909f56bfc062723c751e8b465ee728b)  -> (artifact id: '23d3f5ab782426a522b684650bfaf8f0') in 0.020865 seconds
  Import took 0.024449 seconds .

